  [1m[35m (105.7ms)[0m  [1m[35mCREATE TABLE "schema_migrations" ("version" varchar NOT NULL PRIMARY KEY)[0m
  [1m[35m (94.2ms)[0m  [1m[35mCREATE TABLE "ar_internal_metadata" ("key" varchar NOT NULL PRIMARY KEY, "value" varchar, "created_at" datetime NOT NULL, "updated_at" datetime NOT NULL)[0m
  [1m[36mActiveRecord::SchemaMigration Load (0.2ms)[0m  [1m[34mSELECT "schema_migrations".* FROM "schema_migrations"[0m
Migrating to CreatePosts (20170907092341)
  [1m[35m (0.1ms)[0m  [1m[36mbegin transaction[0m
  [1m[35m (0.4ms)[0m  [1m[35mCREATE TABLE "posts" ("id" INTEGER PRIMARY KEY AUTOINCREMENT NOT NULL, "title" varchar, "body" text, "created_at" datetime NOT NULL, "updated_at" datetime NOT NULL)[0m
  [1m[35mSQL (0.2ms)[0m  [1m[32mINSERT INTO "schema_migrations" ("version") VALUES (?)[0m  [["version", "20170907092341"]]
  [1m[35m (109.5ms)[0m  [1m[36mcommit transaction[0m
  [1m[36mActiveRecord::InternalMetadata Load (0.2ms)[0m  [1m[34mSELECT  "ar_internal_metadata".* FROM "ar_internal_metadata" WHERE "ar_internal_metadata"."key" = ? LIMIT ?[0m  [["key", "environment"], ["LIMIT", 1]]
  [1m[35m (0.1ms)[0m  [1m[36mbegin transaction[0m
  [1m[35mSQL (0.3ms)[0m  [1m[32mINSERT INTO "ar_internal_metadata" ("key", "value", "created_at", "updated_at") VALUES (?, ?, ?, ?)[0m  [["key", "environment"], ["value", "development"], ["created_at", "2017-09-07 09:24:49.978591"], ["updated_at", "2017-09-07 09:24:49.978591"]]
  [1m[35m (94.8ms)[0m  [1m[36mcommit transaction[0m
  [1m[36mActiveRecord::SchemaMigration Load (0.1ms)[0m  [1m[34mSELECT "schema_migrations".* FROM "schema_migrations"[0m
Started GET "/" for 127.0.0.1 at 2017-09-07 12:48:00 +0300
  [1m[36mActiveRecord::SchemaMigration Load (0.1ms)[0m  [1m[34mSELECT "schema_migrations".* FROM "schema_migrations"[0m
Processing by PostsController#index as HTML
  Rendering posts/index.html.erb within layouts/application
  Rendered posts/index.html.erb within layouts/application (3.9ms)
Completed 500 Internal Server Error in 26ms (ActiveRecord: 0.0ms)


  
ActionView::Template::Error (undefined method `each' for nil:NilClass):
    1: <div class="container">
    2:   <div class="col-sm-10 col-sm-offset-1 col-xs-12 blog-content">
    3:     <% @posts.each do |post| %>
    4:     <div class="col-xs-12">
    5:       <div class="text-center">
    6:         <h2><%= post.title %></h2>
  
app/views/posts/index.html.erb:3:in `_app_views_posts_index_html_erb___2606678523450459352_70253386836020'
  Rendering /home/katherine/.rbenv/versions/2.4.0/lib/ruby/gems/2.4.0/gems/actionpack-5.0.5/lib/action_dispatch/middleware/templates/rescues/template_error.html.erb within rescues/layout
  Rendering /home/katherine/.rbenv/versions/2.4.0/lib/ruby/gems/2.4.0/gems/actionpack-5.0.5/lib/action_dispatch/middleware/templates/rescues/_source.html.erb
  Rendered /home/katherine/.rbenv/versions/2.4.0/lib/ruby/gems/2.4.0/gems/actionpack-5.0.5/lib/action_dispatch/middleware/templates/rescues/_source.html.erb (4.9ms)
  Rendering /home/katherine/.rbenv/versions/2.4.0/lib/ruby/gems/2.4.0/gems/actionpack-5.0.5/lib/action_dispatch/middleware/templates/rescues/_trace.html.erb
  Rendered /home/katherine/.rbenv/versions/2.4.0/lib/ruby/gems/2.4.0/gems/actionpack-5.0.5/lib/action_dispatch/middleware/templates/rescues/_trace.html.erb (1.9ms)
  Rendering /home/katherine/.rbenv/versions/2.4.0/lib/ruby/gems/2.4.0/gems/actionpack-5.0.5/lib/action_dispatch/middleware/templates/rescues/_request_and_response.html.erb
  Rendered /home/katherine/.rbenv/versions/2.4.0/lib/ruby/gems/2.4.0/gems/actionpack-5.0.5/lib/action_dispatch/middleware/templates/rescues/_request_and_response.html.erb (0.6ms)
  Rendered /home/katherine/.rbenv/versions/2.4.0/lib/ruby/gems/2.4.0/gems/actionpack-5.0.5/lib/action_dispatch/middleware/templates/rescues/template_error.html.erb within rescues/layout (25.0ms)
  [1m[36mActiveRecord::SchemaMigration Load (0.1ms)[0m  [1m[34mSELECT "schema_migrations".* FROM "schema_migrations"[0m
Migrating to CreateCkeditorAssets (20170907125039)
  [1m[35m (0.1ms)[0m  [1m[36mbegin transaction[0m
DEPRECATION WARNING: Directly inheriting from ActiveRecord::Migration is deprecated. Please specify the Rails release the migration was written for:

  class CreateCkeditorAssets < ActiveRecord::Migration[4.2] (called from load at /home/katherine/.rbenv/versions/2.4.0/bin/rake:22)
  [1m[35m (0.8ms)[0m  [1m[35mCREATE TABLE "ckeditor_assets" ("id" INTEGER PRIMARY KEY AUTOINCREMENT NOT NULL, "data_file_name" varchar NOT NULL, "data_content_type" varchar, "data_file_size" integer, "type" varchar(30), "width" integer, "height" integer, "created_at" datetime NOT NULL, "updated_at" datetime NOT NULL)[0m
  [1m[35m (0.1ms)[0m  [1m[34mselect sqlite_version(*)[0m
  [1m[35m (0.1ms)[0m  [1m[35mCREATE  INDEX "index_ckeditor_assets_on_type" ON "ckeditor_assets" ("type")[0m
  [1m[35mSQL (0.1ms)[0m  [1m[32mINSERT INTO "schema_migrations" ("version") VALUES (?)[0m  [["version", "20170907125039"]]
  [1m[35m (118.7ms)[0m  [1m[36mcommit transaction[0m
  [1m[36mActiveRecord::InternalMetadata Load (0.1ms)[0m  [1m[34mSELECT  "ar_internal_metadata".* FROM "ar_internal_metadata" WHERE "ar_internal_metadata"."key" = ? LIMIT ?[0m  [["key", "environment"], ["LIMIT", 1]]
  [1m[35m (0.1ms)[0m  [1m[36mbegin transaction[0m
  [1m[35m (0.1ms)[0m  [1m[36mcommit transaction[0m
  [1m[36mActiveRecord::SchemaMigration Load (0.1ms)[0m  [1m[34mSELECT "schema_migrations".* FROM "schema_migrations"[0m
  [1m[35m (0.1ms)[0m  [1m[34m            SELECT sql
            FROM sqlite_master
            WHERE name='index_ckeditor_assets_on_type' AND type='index'
            UNION ALL
            SELECT sql
            FROM sqlite_temp_master
            WHERE name='index_ckeditor_assets_on_type' AND type='index'
[0m
Started GET "/" for 127.0.0.1 at 2017-09-07 12:53:53 +0300
  [1m[36mActiveRecord::SchemaMigration Load (0.2ms)[0m  [1m[34mSELECT "schema_migrations".* FROM "schema_migrations"[0m
Processing by PostsController#index as HTML
  Rendering posts/index.html.erb within layouts/application
  Rendered posts/index.html.erb within layouts/application (3.8ms)
Completed 500 Internal Server Error in 15ms (ActiveRecord: 0.0ms)


  
ActionView::Template::Error (undefined method `each' for nil:NilClass):
    1: <div class="container">
    2:   <div class="col-sm-10 col-sm-offset-1 col-xs-12 blog-content">
    3:     <% @posts.each do |post| %>
    4:     <div class="col-xs-12">
    5:       <div class="text-center">
    6:         <h2><%= post.title %></h2>
  
app/views/posts/index.html.erb:3:in `_app_views_posts_index_html_erb__2648019151066063696_47006610652880'
  Rendering /home/katherine/.rbenv/versions/2.4.0/lib/ruby/gems/2.4.0/gems/actionpack-5.0.5/lib/action_dispatch/middleware/templates/rescues/template_error.html.erb within rescues/layout
  Rendering /home/katherine/.rbenv/versions/2.4.0/lib/ruby/gems/2.4.0/gems/actionpack-5.0.5/lib/action_dispatch/middleware/templates/rescues/_source.html.erb
  Rendered /home/katherine/.rbenv/versions/2.4.0/lib/ruby/gems/2.4.0/gems/actionpack-5.0.5/lib/action_dispatch/middleware/templates/rescues/_source.html.erb (4.5ms)
  Rendering /home/katherine/.rbenv/versions/2.4.0/lib/ruby/gems/2.4.0/gems/actionpack-5.0.5/lib/action_dispatch/middleware/templates/rescues/_trace.html.erb
  Rendered /home/katherine/.rbenv/versions/2.4.0/lib/ruby/gems/2.4.0/gems/actionpack-5.0.5/lib/action_dispatch/middleware/templates/rescues/_trace.html.erb (1.9ms)
  Rendering /home/katherine/.rbenv/versions/2.4.0/lib/ruby/gems/2.4.0/gems/actionpack-5.0.5/lib/action_dispatch/middleware/templates/rescues/_request_and_response.html.erb
  Rendered /home/katherine/.rbenv/versions/2.4.0/lib/ruby/gems/2.4.0/gems/actionpack-5.0.5/lib/action_dispatch/middleware/templates/rescues/_request_and_response.html.erb (0.6ms)
  Rendered /home/katherine/.rbenv/versions/2.4.0/lib/ruby/gems/2.4.0/gems/actionpack-5.0.5/lib/action_dispatch/middleware/templates/rescues/template_error.html.erb within rescues/layout (23.1ms)
Started GET "/" for 127.0.0.1 at 2017-09-07 12:53:55 +0300
Processing by PostsController#index as HTML
  Rendering posts/index.html.erb within layouts/application
  Rendered posts/index.html.erb within layouts/application (5.6ms)
Completed 500 Internal Server Error in 12ms (ActiveRecord: 0.0ms)


  
ActionView::Template::Error (undefined method `each' for nil:NilClass):
    1: <div class="container">
    2:   <div class="col-sm-10 col-sm-offset-1 col-xs-12 blog-content">
    3:     <% @posts.each do |post| %>
    4:     <div class="col-xs-12">
    5:       <div class="text-center">
    6:         <h2><%= post.title %></h2>
  
app/views/posts/index.html.erb:3:in `_app_views_posts_index_html_erb__2648019151066063696_47006598450540'
  Rendering /home/katherine/.rbenv/versions/2.4.0/lib/ruby/gems/2.4.0/gems/actionpack-5.0.5/lib/action_dispatch/middleware/templates/rescues/template_error.html.erb within rescues/layout
  Rendering /home/katherine/.rbenv/versions/2.4.0/lib/ruby/gems/2.4.0/gems/actionpack-5.0.5/lib/action_dispatch/middleware/templates/rescues/_source.html.erb
  Rendered /home/katherine/.rbenv/versions/2.4.0/lib/ruby/gems/2.4.0/gems/actionpack-5.0.5/lib/action_dispatch/middleware/templates/rescues/_source.html.erb (7.8ms)
  Rendering /home/katherine/.rbenv/versions/2.4.0/lib/ruby/gems/2.4.0/gems/actionpack-5.0.5/lib/action_dispatch/middleware/templates/rescues/_trace.html.erb
  Rendered /home/katherine/.rbenv/versions/2.4.0/lib/ruby/gems/2.4.0/gems/actionpack-5.0.5/lib/action_dispatch/middleware/templates/rescues/_trace.html.erb (1.9ms)
  Rendering /home/katherine/.rbenv/versions/2.4.0/lib/ruby/gems/2.4.0/gems/actionpack-5.0.5/lib/action_dispatch/middleware/templates/rescues/_request_and_response.html.erb
  Rendered /home/katherine/.rbenv/versions/2.4.0/lib/ruby/gems/2.4.0/gems/actionpack-5.0.5/lib/action_dispatch/middleware/templates/rescues/_request_and_response.html.erb (0.7ms)
  Rendered /home/katherine/.rbenv/versions/2.4.0/lib/ruby/gems/2.4.0/gems/actionpack-5.0.5/lib/action_dispatch/middleware/templates/rescues/template_error.html.erb within rescues/layout (26.5ms)
Started GET "/" for 127.0.0.1 at 2017-09-07 13:33:41 +0300
  [1m[36mActiveRecord::SchemaMigration Load (0.3ms)[0m  [1m[34mSELECT "schema_migrations".* FROM "schema_migrations"[0m
Processing by PostsController#index as HTML
  Rendering posts/index.html.erb within layouts/application
  [1m[36mPost Load (0.1ms)[0m  [1m[34mSELECT "posts".* FROM "posts"[0m
  Rendered posts/index.html.erb within layouts/application (2.3ms)
Completed 500 Internal Server Error in 3000ms (ActiveRecord: 0.4ms)


  
ActionView::Template::Error (Invalid CSS after "end": expected "{", was ""):
    4:     <title>Blog</title>
    5:     <%= csrf_meta_tags %>
    6: 
    7:     <%= stylesheet_link_tag    'application', media: 'all', 'data-turbolinks-track': 'reload' %>
    8:     <%= javascript_include_tag 'application', 'data-turbolinks-track': 'reload' %>
    9:   </head>
   10: 
  
app/assets/stylesheets/posts.scss:68
app/views/layouts/application.html.erb:7:in `_app_views_layouts_application_html_erb___1550719236103509538_70092831079640'
  Rendering /home/katherine/.rbenv/versions/2.4.0/lib/ruby/gems/2.4.0/gems/actionpack-5.0.5/lib/action_dispatch/middleware/templates/rescues/template_error.html.erb within rescues/layout
  Rendering /home/katherine/.rbenv/versions/2.4.0/lib/ruby/gems/2.4.0/gems/actionpack-5.0.5/lib/action_dispatch/middleware/templates/rescues/_source.html.erb
  Rendered /home/katherine/.rbenv/versions/2.4.0/lib/ruby/gems/2.4.0/gems/actionpack-5.0.5/lib/action_dispatch/middleware/templates/rescues/_source.html.erb (6.0ms)
  Rendering /home/katherine/.rbenv/versions/2.4.0/lib/ruby/gems/2.4.0/gems/actionpack-5.0.5/lib/action_dispatch/middleware/templates/rescues/_trace.html.erb
  Rendered /home/katherine/.rbenv/versions/2.4.0/lib/ruby/gems/2.4.0/gems/actionpack-5.0.5/lib/action_dispatch/middleware/templates/rescues/_trace.html.erb (2.3ms)
  Rendering /home/katherine/.rbenv/versions/2.4.0/lib/ruby/gems/2.4.0/gems/actionpack-5.0.5/lib/action_dispatch/middleware/templates/rescues/_request_and_response.html.erb
  Rendered /home/katherine/.rbenv/versions/2.4.0/lib/ruby/gems/2.4.0/gems/actionpack-5.0.5/lib/action_dispatch/middleware/templates/rescues/_request_and_response.html.erb (0.6ms)
  Rendered /home/katherine/.rbenv/versions/2.4.0/lib/ruby/gems/2.4.0/gems/actionpack-5.0.5/lib/action_dispatch/middleware/templates/rescues/template_error.html.erb within rescues/layout (23.0ms)
Started POST "/__web_console/repl_sessions/b59354646ad8f79fe62e12ef2e0b639f/trace" for 127.0.0.1 at 2017-09-07 13:36:03 +0300
Started GET "/" for 127.0.0.1 at 2017-09-07 13:41:07 +0300
  [1m[36mActiveRecord::SchemaMigration Load (0.2ms)[0m  [1m[34mSELECT "schema_migrations".* FROM "schema_migrations"[0m
Processing by PostsController#index as HTML
  Rendering posts/index.html.erb within layouts/application
  [1m[36mPost Load (0.2ms)[0m  [1m[34mSELECT "posts".* FROM "posts"[0m
  Rendered posts/index.html.erb within layouts/application (3.0ms)
Completed 200 OK in 6322ms (Views: 6296.4ms | ActiveRecord: 0.4ms)


Started GET "/" for 127.0.0.1 at 2017-09-07 13:43:22 +0300
Processing by PostsController#index as HTML
  Rendering posts/index.html.erb within layouts/application
  [1m[36mPost Load (0.4ms)[0m  [1m[34mSELECT "posts".* FROM "posts"[0m
  Rendered posts/index.html.erb within layouts/application (1.5ms)
Completed 200 OK in 65ms (Views: 63.9ms | ActiveRecord: 0.4ms)


Started GET "/posts/new" for 127.0.0.1 at 2017-09-07 13:43:49 +0300
Processing by PostsController#new as HTML
  Rendering posts/new.html.erb within layouts/application
  Rendered posts/_form.html.erb (121.9ms)
  Rendered posts/new.html.erb within layouts/application (139.0ms)
Completed 200 OK in 260ms (Views: 239.9ms | ActiveRecord: 0.8ms)


Started GET "/posts" for 127.0.0.1 at 2017-09-07 13:43:53 +0300
Processing by PostsController#index as HTML
  Rendering posts/index.html.erb within layouts/application
  [1m[36mPost Load (0.4ms)[0m  [1m[34mSELECT "posts".* FROM "posts"[0m
  Rendered posts/index.html.erb within layouts/application (2.3ms)
Completed 200 OK in 98ms (Views: 95.7ms | ActiveRecord: 0.4ms)


Started GET "/posts/new" for 127.0.0.1 at 2017-09-07 13:44:01 +0300
Processing by PostsController#new as HTML
  Rendering posts/new.html.erb within layouts/application
  Rendered posts/_form.html.erb (5.2ms)
  Rendered posts/new.html.erb within layouts/application (6.4ms)
Completed 200 OK in 93ms (Views: 91.7ms | ActiveRecord: 0.0ms)


Started POST "/posts" for 127.0.0.1 at 2017-09-07 13:44:49 +0300
Processing by PostsController#create as HTML
  Parameters: {"utf8"=>"✓", "authenticity_token"=>"f4oyaF8Bi85cRxbeL9gnE34yUwxKVsqGLkLWeuuoP+4yKpSAFgoOJfydAA9QcUjPyqwoOELez7Mw43EEZpd0sQ==", "post"=>{"title"=>"", "body"=>"<p><span style=\"background-color:#1abc9c\">hello rails ladies. happy coding</span></p>\r\n"}, "commit"=>"Create Post"}
  [1m[35m (0.1ms)[0m  [1m[36mbegin transaction[0m
  [1m[35mSQL (0.5ms)[0m  [1m[32mINSERT INTO "posts" ("created_at", "updated_at") VALUES (?, ?)[0m  [["created_at", "2017-09-07 10:44:49.624155"], ["updated_at", "2017-09-07 10:44:49.624155"]]
  [1m[35m (292.9ms)[0m  [1m[36mcommit transaction[0m
Redirected to http://localhost:3000/posts/1
Completed 302 Found in 300ms (ActiveRecord: 293.6ms)


Started GET "/posts/1" for 127.0.0.1 at 2017-09-07 13:44:50 +0300
Processing by PostsController#show as HTML
  Parameters: {"id"=>"1"}
  [1m[36mPost Load (0.5ms)[0m  [1m[34mSELECT  "posts".* FROM "posts" WHERE "posts"."id" = ? LIMIT ?[0m  [["id", 1], ["LIMIT", 1]]
  Rendering posts/show.html.erb within layouts/application
  Rendered posts/show.html.erb within layouts/application (0.7ms)
Completed 200 OK in 91ms (Views: 58.0ms | ActiveRecord: 0.5ms)


Started GET "/posts/1" for 127.0.0.1 at 2017-09-07 13:44:57 +0300
Processing by PostsController#show as HTML
  Parameters: {"id"=>"1"}
  [1m[36mPost Load (0.2ms)[0m  [1m[34mSELECT  "posts".* FROM "posts" WHERE "posts"."id" = ? LIMIT ?[0m  [["id", 1], ["LIMIT", 1]]
  Rendering posts/show.html.erb within layouts/application
  Rendered posts/show.html.erb within layouts/application (0.7ms)
Completed 200 OK in 67ms (Views: 65.2ms | ActiveRecord: 0.2ms)


Started GET "/posts/1" for 127.0.0.1 at 2017-09-07 13:45:00 +0300
Processing by PostsController#show as HTML
  Parameters: {"id"=>"1"}
  [1m[36mPost Load (0.6ms)[0m  [1m[34mSELECT  "posts".* FROM "posts" WHERE "posts"."id" = ? LIMIT ?[0m  [["id", 1], ["LIMIT", 1]]
  Rendering posts/show.html.erb within layouts/application
  Rendered posts/show.html.erb within layouts/application (1.0ms)
Completed 200 OK in 77ms (Views: 74.3ms | ActiveRecord: 0.6ms)


Started GET "/posts/delete" for 127.0.0.1 at 2017-09-07 13:45:06 +0300
Processing by PostsController#show as HTML
  Parameters: {"id"=>"delete"}
  [1m[36mPost Load (0.2ms)[0m  [1m[34mSELECT  "posts".* FROM "posts" WHERE "posts"."id" = ? LIMIT ?[0m  [["id", 0], ["LIMIT", 1]]
Completed 404 Not Found in 2ms (ActiveRecord: 0.2ms)


  
ActiveRecord::RecordNotFound (Couldn't find Post with 'id'=delete):
  
app/controllers/posts_controller.rb:62:in `find_post'
  Rendering /home/katherine/.rbenv/versions/2.4.0/lib/ruby/gems/2.4.0/gems/actionpack-5.0.5/lib/action_dispatch/middleware/templates/rescues/diagnostics.html.erb within rescues/layout
  Rendering /home/katherine/.rbenv/versions/2.4.0/lib/ruby/gems/2.4.0/gems/actionpack-5.0.5/lib/action_dispatch/middleware/templates/rescues/_source.html.erb
  Rendered /home/katherine/.rbenv/versions/2.4.0/lib/ruby/gems/2.4.0/gems/actionpack-5.0.5/lib/action_dispatch/middleware/templates/rescues/_source.html.erb (4.9ms)
  Rendering /home/katherine/.rbenv/versions/2.4.0/lib/ruby/gems/2.4.0/gems/actionpack-5.0.5/lib/action_dispatch/middleware/templates/rescues/_trace.html.erb
  Rendered /home/katherine/.rbenv/versions/2.4.0/lib/ruby/gems/2.4.0/gems/actionpack-5.0.5/lib/action_dispatch/middleware/templates/rescues/_trace.html.erb (2.0ms)
  Rendering /home/katherine/.rbenv/versions/2.4.0/lib/ruby/gems/2.4.0/gems/actionpack-5.0.5/lib/action_dispatch/middleware/templates/rescues/_request_and_response.html.erb
  Rendered /home/katherine/.rbenv/versions/2.4.0/lib/ruby/gems/2.4.0/gems/actionpack-5.0.5/lib/action_dispatch/middleware/templates/rescues/_request_and_response.html.erb (0.8ms)
  Rendered /home/katherine/.rbenv/versions/2.4.0/lib/ruby/gems/2.4.0/gems/actionpack-5.0.5/lib/action_dispatch/middleware/templates/rescues/diagnostics.html.erb within rescues/layout (32.1ms)
Started GET "/posts/new" for 127.0.0.1 at 2017-09-07 13:45:13 +0300
Processing by PostsController#new as HTML
  Rendering posts/new.html.erb within layouts/application
  Rendered posts/_form.html.erb (8.6ms)
  Rendered posts/new.html.erb within layouts/application (9.9ms)
Completed 200 OK in 76ms (Views: 74.9ms | ActiveRecord: 0.0ms)


Started GET "/posts" for 127.0.0.1 at 2017-09-07 13:45:17 +0300
Processing by PostsController#index as HTML
  Rendering posts/index.html.erb within layouts/application
  [1m[36mPost Load (0.2ms)[0m  [1m[34mSELECT "posts".* FROM "posts"[0m
  Rendered posts/index.html.erb within layouts/application (1.8ms)
Completed 200 OK in 69ms (Views: 68.0ms | ActiveRecord: 0.2ms)


Started GET "/posts/1" for 127.0.0.1 at 2017-09-07 13:45:21 +0300
Processing by PostsController#show as HTML
  Parameters: {"id"=>"1"}
  [1m[36mPost Load (0.2ms)[0m  [1m[34mSELECT  "posts".* FROM "posts" WHERE "posts"."id" = ? LIMIT ?[0m  [["id", 1], ["LIMIT", 1]]
  Rendering posts/show.html.erb within layouts/application
  Rendered posts/show.html.erb within layouts/application (0.9ms)
Completed 200 OK in 89ms (Views: 86.5ms | ActiveRecord: 0.2ms)


Started GET "/posts/new" for 127.0.0.1 at 2017-09-07 13:46:05 +0300
Processing by PostsController#new as HTML
  Rendering posts/new.html.erb within layouts/application
  Rendered posts/_form.html.erb (9.9ms)
  Rendered posts/new.html.erb within layouts/application (12.1ms)
Completed 200 OK in 136ms (Views: 133.8ms | ActiveRecord: 0.0ms)


Started GET "/posts/new" for 127.0.0.1 at 2017-09-07 13:51:27 +0300
Processing by PostsController#new as HTML
  Rendering posts/new.html.erb within layouts/application
  Rendered posts/_form.html.erb (8.1ms)
  Rendered posts/new.html.erb within layouts/application (9.7ms)
Completed 200 OK in 159ms (Views: 157.7ms | ActiveRecord: 0.0ms)


Started GET "/posts/new" for 127.0.0.1 at 2017-09-07 13:52:17 +0300
Processing by PostsController#new as HTML
  Rendering posts/new.html.erb within layouts/application
  Rendered posts/_form.html.erb (8.8ms)
  Rendered posts/new.html.erb within layouts/application (10.6ms)
Completed 200 OK in 94ms (Views: 92.6ms | ActiveRecord: 0.0ms)


Started GET "/posts/new" for 127.0.0.1 at 2017-09-07 13:54:51 +0300
Processing by PostsController#new as HTML
  Rendering posts/new.html.erb within layouts/application
  Rendered posts/_form.html.erb (10.1ms)
  Rendered posts/new.html.erb within layouts/application (12.2ms)
Completed 200 OK in 97ms (Views: 95.1ms | ActiveRecord: 0.0ms)


